\BOOKMARK [0][-]{chapter.1}{Gii thiu}{}% 1
\BOOKMARK [1][-]{section.1.1}{Gii thiu v \040t\340i, thc trang v\340 l\375 do chon \040t\340i}{chapter.1}% 2
\BOOKMARK [1][-]{section.1.2}{Muc ti\352u \040t\340i}{chapter.1}% 3
\BOOKMARK [1][-]{section.1.3}{Ni dung \040t\340i}{chapter.1}% 4
\BOOKMARK [1][-]{section.1.4}{Gii han \040t\340i}{chapter.1}% 5
\BOOKMARK [1][-]{section.1.5}{Cu tr\372c lun van}{chapter.1}% 6
\BOOKMARK [0][-]{chapter.2}{C\341c h thng li\352n quan trong thc t}{}% 7
\BOOKMARK [1][-]{section.2.1}{C\341c nh\340 cung cp dich vu Mang x\343 hi v\340 truyn th\364ng x\343 hi ang tng bc h tr kinh doanh trc tuyn}{chapter.2}% 8
\BOOKMARK [2][-]{subsection.2.1.1}{Facebook vi Shopping Marketplace}{section.2.1}% 9
\BOOKMARK [2][-]{subsection.2.1.2}{Pinterest vi "Buyable Pins"}{section.2.1}% 10
\BOOKMARK [1][-]{section.2.2}{C\341c trang thng mai in t ang tng bc cai thin s tng t\341c th\340nh vi\352n}{chapter.2}% 11
\BOOKMARK [2][-]{subsection.2.2.1}{Ch in t Alibaba vi }{section.2.2}% 12
\BOOKMARK [2][-]{subsection.2.2.2}{Amazon}{section.2.2}% 13
\BOOKMARK [0][-]{chapter.3}{C\341c kin thc v\340 c\364ng ngh nn}{}% 14
\BOOKMARK [1][-]{section.3.1}{C\341c kh\341i nim v\340 kin thc li\352n quan}{chapter.3}% 15
\BOOKMARK [1][-]{section.3.2}{C\341c c\364ng ngh nn v\340 ky thut s dung}{chapter.3}% 16
\BOOKMARK [0][-]{chapter.4}{M\364 h\354nh \040xut cho giai ph\341p thng mai in t trong mang x\343 hi}{}% 17
\BOOKMARK [1][-]{section.4.1}{Mang x\343 hi trc tuyn}{chapter.4}% 18
\BOOKMARK [0][-]{chapter.5}{Hin thc m\364 h\354nh \040xut}{}% 19
\BOOKMARK [0][-]{chapter.6}{\320\341nh gi\341 m\364 h\354nh \040xut}{}% 20
\BOOKMARK [1][-]{section.6.1}{title}{chapter.6}% 21
\BOOKMARK [0][-]{chapter.7}{\320\341nh gi\341 kt qua hin thc}{}% 22
\BOOKMARK [0][-]{chapter.8}{Kt lun}{}% 23
